<?xml version="1.0" encoding="UTF-8"?>
<!-- Generated by org.testng.reporters.JUnitReportReporter -->
<testsuite skipped="0" hostname="EXAIN-IT-L0108" name="com.qa.testcases.HomePageTest" tests="2" failures="0" timestamp="17 Dec 2018 12:39:39 GMT" time="33.013" errors="0">
  <testcase name="homePageTitleTest" time="13.472" classname="com.qa.testcases.HomePageTest"/>
  <testcase name="homePageUserValidation" time="19.541" classname="com.qa.testcases.HomePageTest"/>
</testsuite> <!-- com.qa.testcases.HomePageTest -->
