<?xml version="1.0" encoding="UTF-8"?>
<!-- Generated by org.testng.reporters.JUnitReportReporter -->
<testsuite skipped="0" hostname="EXAIN-IT-L0108" name="com.qa.testcases.LoginPageTest" tests="3" failures="0" timestamp="26 Dec 2018 07:54:02 GMT" time="60.545" errors="0">
  <testcase name="loginPageTitleTest" time="25.622" classname="com.qa.testcases.LoginPageTest"/>
  <testcase name="loginPageTitleTest" time="9.254" classname="com.qa.testcases.LoginPageTest"/>
  <testcase name="loginPageLogoTest" time="25.669" classname="com.qa.testcases.LoginPageTest"/>
</testsuite> <!-- com.qa.testcases.LoginPageTest -->
