<?xml version="1.0" encoding="UTF-8"?>
<!-- Generated by org.testng.reporters.JUnitReportReporter -->
<testsuite skipped="0" hostname="EXAIN-IT-L0108" name="com.qa.testcases.TasksPageTest" tests="2" failures="0" timestamp="26 Dec 2018 07:54:02 GMT" time="47.075" errors="0">
  <testcase name="createTasks" time="26.658" classname="com.qa.testcases.TasksPageTest"/>
  <testcase name="createTasks" time="20.417" classname="com.qa.testcases.TasksPageTest"/>
</testsuite> <!-- com.qa.testcases.TasksPageTest -->
