<?xml version="1.0" encoding="UTF-8"?>
<!-- Generated by org.testng.reporters.JUnitReportReporter -->
<testsuite skipped="0" hostname="EXAIN-IT-L0108" name="com.qa.testcases.ContactsPageTest" tests="4" failures="0" timestamp="05 Dec 2018 10:24:36 GMT" time="322.103" errors="0">
  <testcase name="validateContactsLabel" time="56.595" classname="com.qa.testcases.ContactsPageTest"/>
  <testcase name="validateCreateNewContact" time="74.909" classname="com.qa.testcases.ContactsPageTest"/>
  <testcase name="validateCreateNewContact" time="105.488" classname="com.qa.testcases.ContactsPageTest"/>
  <testcase name="validateCreateNewContact" time="85.111" classname="com.qa.testcases.ContactsPageTest"/>
</testsuite> <!-- com.qa.testcases.ContactsPageTest -->
