<?xml version="1.0" encoding="UTF-8"?>
<!-- Generated by org.testng.reporters.JUnitReportReporter -->
<testsuite skipped="0" hostname="EXAIN-IT-L0108" name="GridTests.SeleniumParallelTest" tests="2" failures="0" timestamp="18 Dec 2018 10:46:08 GMT" time="23.256" errors="0">
  <testcase name="test" time="15.111" classname="GridTests.SeleniumParallelTest"/>
  <testcase name="test" time="8.145" classname="GridTests.SeleniumParallelTest"/>
</testsuite> <!-- GridTests.SeleniumParallelTest -->
